# JRE version: OpenJDK Runtime Environment (11.0.10+9) (build 11.0.10+9-Ubuntu-0ubuntu1.18.04)
# Java VM: OpenJDK 64-Bit Server VM (11.0.10+9-Ubuntu-0ubuntu1.18.04, mixed mode, sharing, tiered, compressed oops, g1 gc, linux-amd64)
Heap:
 garbage-first heap   total 75776K, used 50001K [0x0000000085200000, 0x0000000100000000)
  region size 1024K, 25 young (25600K), 2 survivors (2048K)
 Metaspace       used 42741K, capacity 44618K, committed 44800K, reserved 1087488K
  class space    used 5119K, capacity 5875K, committed 5888K, reserved 1048576K
GC Heap History (20 events):
Event: 268.293 GC heap before
{Heap before GC invocations=12 (full 2):
 garbage-first heap   total 75776K, used 54464K [0x0000000085200000, 0x0000000100000000)
  region size 1024K, 34 young (34816K), 0 survivors (0K)
 Metaspace       used 41187K, capacity 42828K, committed 43136K, reserved 1087488K
  class space    used 5000K, capacity 5641K, committed 5760K, reserved 1048576K
}
Event: 268.296 GC heap after
{Heap after GC invocations=13 (full 2):
 garbage-first heap   total 75776K, used 22024K [0x0000000085200000, 0x0000000100000000)
  region size 1024K, 3 young (3072K), 3 survivors (3072K)
 Metaspace       used 41187K, capacity 42828K, committed 43136K, reserved 1087488K
  class space    used 5000K, capacity 5641K, committed 5760K, reserved 1048576K
}
Event: 285.927 GC heap before
{Heap before GC invocations=13 (full 2):
 garbage-first heap   total 75776K, used 42504K [0x0000000085200000, 0x0000000100000000)
  region size 1024K, 24 young (24576K), 3 survivors (3072K)
 Metaspace       used 41400K, capacity 43077K, committed 43392K, reserved 1087488K
  class space    used 5008K, capacity 5654K, committed 5760K, reserved 1048576K
}
Event: 285.970 GC heap after
{Heap after GC invocations=14 (full 3):
 garbage-first heap   total 75776K, used 21160K [0x0000000085200000, 0x0000000100000000)
  region size 1024K, 0 young (0K), 0 survivors (0K)
 Metaspace       used 41400K, capacity 43077K, committed 43392K, reserved 1087488K
  class space    used 5008K, capacity 5654K, committed 5760K, reserved 1048576K
}
Event: 286.241 GC heap before
{Heap before GC invocations=14 (full 3):
 garbage-first heap   total 75776K, used 53928K [0x0000000085200000, 0x0000000100000000)
  region size 1024K, 33 young (33792K), 0 survivors (0K)
 Metaspace       used 41522K, capacity 43267K, committed 43648K, reserved 1087488K
  class space    used 5015K, capacity 5667K, committed 5760K, reserved 1048576K
}
Event: 286.243 GC heap after
{Heap after GC invocations=15 (full 3):
 garbage-first heap   total 75776K, used 23531K [0x0000000085200000, 0x0000000100000000)
  region size 1024K, 3 young (3072K), 3 survivors (3072K)
 Metaspace       used 41522K, capacity 43267K, committed 43648K, reserved 1087488K
  class space    used 5015K, capacity 5667K, committed 5760K, reserved 1048576K
}
Event: 902.740 GC heap before
{Heap before GC invocations=15 (full 3):
 garbage-first heap   total 75776K, used 54251K [0x0000000085200000, 0x0000000100000000)
  region size 1024K, 34 young (34816K), 3 survivors (3072K)
 Metaspace       used 42029K, capacity 43739K, committed 43904K, reserved 1087488K
  class space    used 5073K, capacity 5727K, committed 5760K, reserved 1048576K
}
Event: 902.842 GC heap after
{Heap after GC invocations=16 (full 3):
 garbage-first heap   total 75776K, used 24010K [0x0000000085200000, 0x0000000100000000)
  region size 1024K, 3 young (3072K), 3 survivors (3072K)
 Metaspace       used 42029K, capacity 43739K, committed 43904K, reserved 1087488K
  class space    used 5073K, capacity 5727K, committed 5760K, reserved 1048576K
}
Event: 980.841 GC heap before
{Heap before GC invocations=16 (full 3):
 garbage-first heap   total 75776K, used 28106K [0x0000000085200000, 0x0000000100000000)
  region size 1024K, 8 young (8192K), 3 survivors (3072K)
 Metaspace       used 42177K, capacity 43977K, committed 44288K, reserved 1087488K
  class space    used 5089K, capacity 5833K, committed 5888K, reserved 1048576K
}
Event: 980.912 GC heap after
{Heap after GC invocations=17 (full 4):
 garbage-first heap   total 75776K, used 23138K [0x0000000085200000, 0x0000000100000000)
  region size 1024K, 0 young (0K), 0 survivors (0K)
 Metaspace       used 42177K, capacity 43977K, committed 44288K, reserved 1087488K
  class space    used 5089K, capacity 5833K, committed 5888K, reserved 1048576K
}
Event: 981.293 GC heap before
{Heap before GC invocations=17 (full 4):
 garbage-first heap   total 75776K, used 55906K [0x0000000085200000, 0x0000000100000000)
  region size 1024K, 32 young (32768K), 0 survivors (0K)
 Metaspace       used 42259K, capacity 44066K, committed 44288K, reserved 1087488K
  class space    used 5092K, capacity 5837K, committed 5888K, reserved 1048576K
}
Event: 981.296 GC heap after
{Heap after GC invocations=18 (full 4):
 garbage-first heap   total 75776K, used 25269K [0x0000000085200000, 0x0000000100000000)
  region size 1024K, 3 young (3072K), 3 survivors (3072K)
 Metaspace       used 42259K, capacity 44066K, committed 44288K, reserved 1087488K
  class space    used 5092K, capacity 5837K, committed 5888K, reserved 1048576K
}
Event: 1176.375 GC heap before
{Heap before GC invocations=18 (full 4):
 garbage-first heap   total 75776K, used 47797K [0x0000000085200000, 0x0000000100000000)
  region size 1024K, 27 young (27648K), 3 survivors (3072K)
 Metaspace       used 42364K, capacity 44275K, committed 44544K, reserved 1087488K
  class space    used 5097K, capacity 5842K, committed 5888K, reserved 1048576K
}
Event: 1176.423 GC heap after
{Heap after GC invocations=19 (full 5):
 garbage-first heap   total 75776K, used 24912K [0x0000000085200000, 0x0000000100000000)
  region size 1024K, 0 young (0K), 0 survivors (0K)
 Metaspace       used 42364K, capacity 44275K, committed 44544K, reserved 1087488K
  class space    used 5097K, capacity 5842K, committed 5888K, reserved 1048576K
}
Event: 1176.680 GC heap before
{Heap before GC invocations=19 (full 5):
 garbage-first heap   total 75776K, used 57680K [0x0000000085200000, 0x0000000100000000)
  region size 1024K, 32 young (32768K), 0 survivors (0K)
 Metaspace       used 42469K, capacity 44416K, committed 44544K, reserved 1087488K
  class space    used 5106K, capacity 5858K, committed 5888K, reserved 1048576K
}
Event: 1176.682 GC heap after
{Heap after GC invocations=20 (full 5):
 garbage-first heap   total 75776K, used 27102K [0x0000000085200000, 0x0000000100000000)
  region size 1024K, 3 young (3072K), 3 survivors (3072K)
 Metaspace       used 42469K, capacity 44416K, committed 44544K, reserved 1087488K
  class space    used 5106K, capacity 5858K, committed 5888K, reserved 1048576K
}
Event: 1294.573 GC heap before
{Heap before GC invocations=20 (full 5):
 garbage-first heap   total 75776K, used 50654K [0x0000000085200000, 0x0000000100000000)
  region size 1024K, 28 young (28672K), 3 survivors (3072K)
 Metaspace       used 42601K, capacity 44518K, committed 44800K, reserved 1087488K
  class space    used 5116K, capacity 5871K, committed 5888K, reserved 1048576K
}
Event: 1294.630 GC heap after
{Heap after GC invocations=21 (full 6):
 garbage-first heap   total 75776K, used 26449K [0x0000000085200000, 0x0000000100000000)
  region size 1024K, 0 young (0K), 0 survivors (0K)
 Metaspace       used 42601K, capacity 44518K, committed 44800K, reserved 1087488K
  class space    used 5116K, capacity 5871K, committed 5888K, reserved 1048576K
}
Event: 1294.907 GC heap before
{Heap before GC invocations=21 (full 6):
 garbage-first heap   total 75776K, used 58193K [0x0000000085200000, 0x0000000100000000)
  region size 1024K, 31 young (31744K), 0 survivors (0K)
 Metaspace       used 42677K, capacity 44613K, committed 44800K, reserved 1087488K
  class space    used 5119K, capacity 5875K, committed 5888K, reserved 1048576K
}
Event: 1294.909 GC heap after
{Heap after GC invocations=22 (full 6):
 garbage-first heap   total 75776K, used 28497K [0x0000000085200000, 0x0000000100000000)
  region size 1024K, 2 young (2048K), 2 survivors (2048K)
 Metaspace       used 42677K, capacity 44613K, committed 44800K, reserved 1087488K
  class space    used 5119K, capacity 5875K, committed 5888K, reserved 1048576K
}

